<?xml version="1.0" encoding="UTF-8" ?>
<testsuite errors="0" failures="0" hostname="AndrewBoothroyd" name="com.cucumber.MavenCucumberPrototype.RunnerTest" skipped="0" tests="6" time="18.709" timestamp="2016-11-09T10:45:13">
  <properties>
    <property name="java.vendor" value="Oracle Corporation" />
    <property name="env.USERDOMAIN_ROAMINGPROFILE" value="ANDREWBOOTHROYD" />
    <property name="sun.java.launcher" value="SUN_STANDARD" />
    <property name="eclipse.pdebuild.templates" value="/C:/DWP_VA/DWPTools/eclipse/plugins/org.eclipse.pde.build_3.9.200.v20160204-0642/templates/" />
    <property name="sun.management.compiler" value="HotSpot 64-Bit Tiered Compilers" />
    <property name="env.UOIPME_REG_PATH" value="C:\Program Files\Intel Corporation\USB over IP" />
    <property name="env.PROMPT" value="$P$G" />
    <property name="os.name" value="Windows 8.1" />
    <property name="env.FP_NO_HOST_CHECK" value="NO" />
    <property name="sun.boot.class.path" value="C:\Program Files\Java\jdk1.7.0_79\jre\lib\resources.jar;C:\Program Files\Java\jdk1.7.0_79\jre\lib\rt.jar;C:\Program Files\Java\jdk1.7.0_79\jre\lib\sunrsasign.jar;C:\Program Files\Java\jdk1.7.0_79\jre\lib\jsse.jar;C:\Program Files\Java\jdk1.7.0_79\jre\lib\jce.jar;C:\Program Files\Java\jdk1.7.0_79\jre\lib\charsets.jar;C:\Program Files\Java\jdk1.7.0_79\jre\lib\jfr.jar;C:\Program Files\Java\jdk1.7.0_79\jre\classes" />
    <property name="env.COMPUTERNAME" value="ANDREWBOOTHROYD" />
    <property name="env.CommonProgramW6432" value="C:\Program Files\Common Files" />
    <property name="env.ALLUSERSPROFILE" value="C:\ProgramData" />
    <property name="sun.desktop" value="windows" />
    <property name="ant.file.type.MavenCucumberPrototype" value="file" />
    <property name="java.vm.specification.vendor" value="Oracle Corporation" />
    <property name="ant.home" value="C:\DWP_VA\DWPTools\eclipse\plugins\org.apache.ant_1.9.6.v201510161327" />
    <property name="java.runtime.version" value="1.7.0_79-b15" />
    <property name="env.GOPATH" value="C:\Go\projects" />
    <property name="env.HOMEPATH" value="\Users\varun.aggarwal" />
    <property name="env.GOPRO_KERNEL" value="C:\code\goproKernel" />
    <property name="user.name" value="varun.aggarwal" />
    <property name="user.language" value="en" />
    <property name="env.windows_tracing_flags" value="3" />
    <property name="sun.boot.library.path" value="C:\Program Files\Java\jdk1.7.0_79\jre\bin" />
    <property name="env.NVM_HOME" value="C:\Users\varun.aggarwal\AppData\Roaming\nvm" />
    <property name="ant.project.default-target" value="build" />
    <property name="ant.project.name" value="MavenCucumberPrototype" />
    <property name="java.version" value="1.7.0_79" />
    <property name="env.AXIS2_HOME" value="C:\DWP_VA\DWPTools\axis2-1.7.4-bin\axis2-1.7.4" />
    <property name="env.PROCESSOR_IDENTIFIER" value="Intel64 Family 6 Model 60 Stepping 3, GenuineIntel" />
    <property name="env.OnlineServices" value="Online Services" />
    <property name="user.timezone" value="" />
    <property name="env.TEMP" value="C:\Users\VARUN~1.AGG\AppData\Local\Temp" />
    <property name="sun.arch.data.model" value="64" />
    <property name="java.endorsed.dirs" value="C:\Program Files\Java\jdk1.7.0_79\jre\lib\endorsed" />
    <property name="sun.cpu.isalist" value="amd64" />
    <property name="env.OOBEUILang" value="en-US" />
    <property name="env.HOMEDRIVE" value="C:" />
    <property name="sun.jnu.encoding" value="Cp1252" />
    <property name="file.encoding.pkg" value="sun.io" />
    <property name="env.VS110COMNTOOLS" value="C:\bin\Microsoft Visual Studio 11.0\Common7\Tools\" />
    <property name="ECLIPSE_HOME" value="../../../DWPTools/eclipse/" />
    <property name="file.separator" value="\" />
    <property name="java.specification.name" value="Java Platform API Specification" />
    <property name="java.class.version" value="51.0" />
    <property name="user.country" value="GB" />
    <property name="java.home" value="C:\Program Files\Java\jdk1.7.0_79\jre" />
    <property name="env.PSModulePath" value="C:\WINDOWS\system32\WindowsPowerShell\v1.0\Modules\" />
    <property name="env.APPDATA" value="C:\Users\varun.aggarwal\AppData\Roaming" />
    <property name="env.PUBLIC" value="C:\Users\Public" />
    <property name="env.windows_tracing_logfile" value="C:\BVTBin\Tests\installpackage\csilogfile.log" />
    <property name="java.vm.info" value="mixed mode" />
    <property name="env.CATALINA_HOME" value="C:\bin\tomcat" />
    <property name="env.ComSpec" value="C:\WINDOWS\system32\cmd.exe" />
    <property name="env.OS" value="Windows_NT" />
    <property name="env.CommonProgramFiles" value="C:\Program Files\Common Files" />
    <property name="ant.file" value="C:\DWP_VA\DWPAutomationTests\Workspace\MavenCucumberPrototype\build.xml" />
    <property name="os.version" value="6.3" />
    <property name="env.ProgramW6432" value="C:\Program Files" />
    <property name="path.separator" value=";" />
    <property name="java.vm.version" value="24.79-b02" />
    <property name="user.variant" value="" />
    <property name="env.USERPROFILE" value="C:\Users\varun.aggarwal" />
    <property name="ant.library.dir" value="C:\DWP_VA\DWPTools\eclipse\plugins\org.apache.ant_1.9.6.v201510161327\lib" />
    <property name="junit.output.dir" value="junit" />
    <property name="env.GOROOT" value="C:\Go\" />
    <property name="env.JAVA_HOME" value="C:\Program Files\Java\jdk1.7.0_79" />
    <property name="java.awt.printerjob" value="sun.awt.windows.WPrinterJob" />
    <property name="env.TMP" value="C:\Users\VARUN~1.AGG\AppData\Local\Temp" />
    <property name="sun.io.unicode.encoding" value="UnicodeLittle" />
    <property name="awt.toolkit" value="sun.awt.windows.WToolkit" />
    <property name="user.script" value="" />
    <property name="eclipse.pdebuild.scripts" value="/C:/DWP_VA/DWPTools/eclipse/plugins/org.eclipse.pde.build_3.9.200.v20160204-0642/scripts/" />
    <property name="target" value="1.5" />
    <property name="user.home" value="C:\Users\varun.aggarwal" />
    <property name="env.ProgramData" value="C:\ProgramData" />
    <property name="env.SESSIONNAME" value="Console" />
    <property name="env.ProgramFiles(x86)" value="C:\Program Files (x86)" />
    <property name="java.specification.vendor" value="Oracle Corporation" />
    <property name="java.vendor.url" value="http://java.oracle.com/" />
    <property name="env.NUMBER_OF_PROCESSORS" value="8" />
    <property name="java.library.path" value="C:\Program Files\Java\jdk1.7.0_79\jre\bin;C:\WINDOWS\Sun\Java\bin;C:\WINDOWS\system32;C:\WINDOWS;C:\ProgramData\Oracle\Java\javapath;C:\bin\Python27\;C:\bin\Python27\Scripts;C:\Program Files (x86)\Intel\iCLS Client\;C:\Program Files\Intel\iCLS Client\;C:\WINDOWS\system32;C:\WINDOWS;C:\WINDOWS\System32\Wbem;C:\WINDOWS\System32\WindowsPowerShell\v1.0\;C:\Program Files (x86)\Hewlett-Packard\HP Performance Advisor;C:\Program Files\Intel\WiFi\bin\;C:\Program Files\Common Files\Intel\WirelessCommon\;C:\Program Files\Intel\Intel(R) Management Engine Components\DAL;C:\Program Files (x86)\Intel\Intel(R) Management Engine Components\DAL;C:\Program Files\Intel\Intel(R) Management Engine Components\IPT;C:\Program Files (x86)\Intel\Intel(R) Management Engine Components\IPT;C:\Program Files\Microsoft SQL Server\110\Tools\Binn\;C:\bin\Git\cmd;C:\bin\Git\mingw64\bin;C:\bin\Git\usr\bin;C:\HashiCorp\Vagrant\bin;C:\Go\bin;C:\Users\varun.aggarwal\AppData\Roaming\nvm;C:\Program Files\nodejs;C:\Program Files\apache-maven-3.3.9-bin\apache-maven-3.3.9\bin;C:\Program Files\apache-ant-1.9.7-bin\apache-ant-1.9.7\bin;C:\Users\varun.aggarwal\AppData\Local\Microsoft\WindowsApps;C:\Users\varun.aggarwal\AppData\Roaming\npm;C:\Users\varun.aggarwal\AppData\Roaming\nvm;C:\Program Files\nodejs;." />
    <property name="java.vm.vendor" value="Oracle Corporation" />
    <property name="java.runtime.name" value="Java(TM) SE Runtime Environment" />
    <property name="ant.version" value="Apache Ant(TM) version 1.9.6 compiled on June 29 2015" />
    <property name="java.class.path" value="C:\DWP_VA\DWPAutomationTests\Workspace\MavenCucumberPrototype\target\classes;C:\DWP_VA\DWPAutomationTests\Workspace\MavenCucumberPrototype\target\test-classes;C:\Users\varun.aggarwal\.m2\repository\junit\junit\4.11\junit-4.11.jar;C:\Users\varun.aggarwal\.m2\repository\org\hamcrest\hamcrest-core\1.3\hamcrest-core-1.3.jar;C:\Users\varun.aggarwal\.m2\repository\info\cukes\cucumber-java\1.2.3\cucumber-java-1.2.3.jar;C:\Users\varun.aggarwal\.m2\repository\info\cukes\cucumber-core\1.2.3\cucumber-core-1.2.3.jar;C:\Users\varun.aggarwal\.m2\repository\info\cukes\cucumber-html\0.2.3\cucumber-html-0.2.3.jar;C:\Users\varun.aggarwal\.m2\repository\info\cukes\cucumber-picocontainer\1.2.3\cucumber-picocontainer-1.2.3.jar;C:\Users\varun.aggarwal\.m2\repository\info\cukes\cucumber-jvm-deps\1.0.5\cucumber-jvm-deps-1.0.5.jar;C:\Users\varun.aggarwal\.m2\repository\info\cukes\gherkin\2.12.2\gherkin-2.12.2.jar;C:\Users\varun.aggarwal\.m2\repository\org\picocontainer\picocontainer\2.15\picocontainer-2.15.jar;C:\Users\varun.aggarwal\.m2\repository\info\cukes\cucumber-junit\1.2.3\cucumber-junit-1.2.3.jar;C:\Users\varun.aggarwal\.m2\repository\org\seleniumhq\selenium\selenium-java\2.47.0\selenium-java-2.47.0.jar;C:\Users\varun.aggarwal\.m2\repository\org\seleniumhq\selenium\selenium-chrome-driver\2.47.0\selenium-chrome-driver-2.47.0.jar;C:\Users\varun.aggarwal\.m2\repository\org\seleniumhq\selenium\selenium-remote-driver\2.47.0\selenium-remote-driver-2.47.0.jar;C:\Users\varun.aggarwal\.m2\repository\cglib\cglib-nodep\2.1_3\cglib-nodep-2.1_3.jar;C:\Users\varun.aggarwal\.m2\repository\com\google\code\gson\gson\2.3.1\gson-2.3.1.jar;C:\Users\varun.aggarwal\.m2\repository\org\seleniumhq\selenium\selenium-api\2.47.0\selenium-api-2.47.0.jar;C:\Users\varun.aggarwal\.m2\repository\com\google\guava\guava\18.0\guava-18.0.jar;C:\Users\varun.aggarwal\.m2\repository\org\seleniumhq\selenium\selenium-htmlunit-driver\2.47.0\selenium-htmlunit-driver-2.47.0.jar;C:\Users\varun.aggarwal\.m2\repository\net\sourceforge\htmlunit\htmlunit\2.17\htmlunit-2.17.jar;C:\Users\varun.aggarwal\.m2\repository\xalan\xalan\2.7.2\xalan-2.7.2.jar;C:\Users\varun.aggarwal\.m2\repository\xalan\serializer\2.7.2\serializer-2.7.2.jar;C:\Users\varun.aggarwal\.m2\repository\commons-collections\commons-collections\3.2.1\commons-collections-3.2.1.jar;C:\Users\varun.aggarwal\.m2\repository\org\apache\commons\commons-lang3\3.4\commons-lang3-3.4.jar;C:\Users\varun.aggarwal\.m2\repository\org\apache\httpcomponents\httpmime\4.4.1\httpmime-4.4.1.jar;C:\Users\varun.aggarwal\.m2\repository\commons-codec\commons-codec\1.10\commons-codec-1.10.jar;C:\Users\varun.aggarwal\.m2\repository\net\sourceforge\htmlunit\htmlunit-core-js\2.17\htmlunit-core-js-2.17.jar;C:\Users\varun.aggarwal\.m2\repository\xerces\xercesImpl\2.11.0\xercesImpl-2.11.0.jar;C:\Users\varun.aggarwal\.m2\repository\xml-apis\xml-apis\1.4.01\xml-apis-1.4.01.jar;C:\Users\varun.aggarwal\.m2\repository\net\sourceforge\nekohtml\nekohtml\1.9.22\nekohtml-1.9.22.jar;C:\Users\varun.aggarwal\.m2\repository\net\sourceforge\cssparser\cssparser\0.9.16\cssparser-0.9.16.jar;C:\Users\varun.aggarwal\.m2\repository\org\w3c\css\sac\1.3\sac-1.3.jar;C:\Users\varun.aggarwal\.m2\repository\commons-logging\commons-logging\1.2\commons-logging-1.2.jar;C:\Users\varun.aggarwal\.m2\repository\org\eclipse\jetty\websocket\websocket-client\9.2.11.v20150529\websocket-client-9.2.11.v20150529.jar;C:\Users\varun.aggarwal\.m2\repository\org\eclipse\jetty\jetty-util\9.2.11.v20150529\jetty-util-9.2.11.v20150529.jar;C:\Users\varun.aggarwal\.m2\repository\org\eclipse\jetty\jetty-io\9.2.11.v20150529\jetty-io-9.2.11.v20150529.jar;C:\Users\varun.aggarwal\.m2\repository\org\eclipse\jetty\websocket\websocket-common\9.2.11.v20150529\websocket-common-9.2.11.v20150529.jar;C:\Users\varun.aggarwal\.m2\repository\org\eclipse\jetty\websocket\websocket-api\9.2.11.v20150529\websocket-api-9.2.11.v20150529.jar;C:\Users\varun.aggarwal\.m2\repository\org\apache\httpcomponents\httpclient\4.4.1\httpclient-4.4.1.jar;C:\Users\varun.aggarwal\.m2\repository\org\apache\httpcomponents\httpcore\4.4.1\httpcore-4.4.1.jar;C:\Users\varun.aggarwal\.m2\repository\org\seleniumhq\selenium\selenium-firefox-driver\2.47.0\selenium-firefox-driver-2.47.0.jar;C:\Users\varun.aggarwal\.m2\repository\commons-io\commons-io\2.4\commons-io-2.4.jar;C:\Users\varun.aggarwal\.m2\repository\org\apache\commons\commons-exec\1.3\commons-exec-1.3.jar;C:\Users\varun.aggarwal\.m2\repository\org\seleniumhq\selenium\selenium-ie-driver\2.47.0\selenium-ie-driver-2.47.0.jar;C:\Users\varun.aggarwal\.m2\repository\net\java\dev\jna\jna\4.1.0\jna-4.1.0.jar;C:\Users\varun.aggarwal\.m2\repository\net\java\dev\jna\jna-platform\4.1.0\jna-platform-4.1.0.jar;C:\Users\varun.aggarwal\.m2\repository\org\seleniumhq\selenium\selenium-safari-driver\2.47.0\selenium-safari-driver-2.47.0.jar;C:\Users\varun.aggarwal\.m2\repository\org\seleniumhq\selenium\selenium-support\2.47.0\selenium-support-2.47.0.jar;C:\Users\varun.aggarwal\.m2\repository\org\webbitserver\webbit\0.4.14\webbit-0.4.14.jar;C:\Users\varun.aggarwal\.m2\repository\io\netty\netty\3.5.2.Final\netty-3.5.2.Final.jar;C:\Users\varun.aggarwal\.m2\repository\org\seleniumhq\selenium\selenium-leg-rc\2.47.0\selenium-leg-rc-2.47.0.jar;C:\Program Files\Java\jdk1.7.0_79\lib\tools.jar;C:\DWP_VA\DWPTools\eclipse\plugins\org.apache.ant_1.9.6.v201510161327\lib\ant-launcher.jar;C:\DWP_VA\DWPTools\eclipse\plugins\org.apache.ant_1.9.6.v201510161327\lib\ant.jar;C:\DWP_VA\DWPTools\eclipse\plugins\org.apache.ant_1.9.6.v201510161327\lib\ant-junit.jar;C:\DWP_VA\DWPTools\eclipse\plugins\org.apache.ant_1.9.6.v201510161327\lib\ant-junit4.jar" />
    <property name="sun.java.command" value="org.apache.tools.ant.taskdefs.optional.junit.JUnitTestRunner com.cucumber.MavenCucumberPrototype.RunnerTest skipNonTests=false filtertrace=true haltOnError=false haltOnFailure=false formatter=org.apache.tools.ant.taskdefs.optional.junit.OutErrSummaryJUnitResultFormatter showoutput=false outputtoformatters=true logfailedtests=true threadid=0 logtestlistenerevents=false formatter=org.apache.tools.ant.taskdefs.optional.junit.XMLJUnitResultFormatter,C:\DWP_VA\DWPAutomationTests\Workspace\MavenCucumberPrototype\junit\TEST-com.cucumber.MavenCucumberPrototype.RunnerTest.xml crashfile=C:\DWP_VA\DWPAutomationTests\Workspace\MavenCucumberPrototype\junitvmwatcher5321956339527931906.properties propsfile=C:\DWP_VA\DWPAutomationTests\Workspace\MavenCucumberPrototype\junit2048250836127955406.properties" />
    <property name="env.PCBRAND" value="Pavilion" />
    <property name="java.vm.specification.name" value="Java Virtual Machine Specification" />
    <property name="env.LOGONSERVER" value="\\ANDREWBOOTHROYD" />
    <property name="env.windir" value="C:\WINDOWS" />
    <property name="env.PROCESSOR_ARCHITECTURE" value="AMD64" />
    <property name="java.vm.specification.version" value="1.7" />
    <property name="sun.cpu.endian" value="little" />
    <property name="sun.os.patch.level" value="" />
    <property name="debuglevel" value="source,lines,vars" />
    <property name="env.ProgramFiles" value="C:\Program Files" />
    <property name="env.ANT_HOME" value="C:\DWP_VA\DWPTools\eclipse\plugins\org.apache.ant_1.9.6.v201510161327" />
    <property name="env.PROCESSOR_REVISION" value="3c03" />
    <property name="eclipse.pdebuild.home" value="/C:/DWP_VA/DWPTools/eclipse/plugins/org.eclipse.pde.build_3.9.200.v20160204-0642/./" />
    <property name="java.io.tmpdir" value="C:\Users\VARUN~1.AGG\AppData\Local\Temp\" />
    <property name="env.CommonProgramFiles(x86)" value="C:\Program Files (x86)\Common Files" />
    <property name="java.vendor.url.bug" value="http://bugreport.sun.com/bugreport/" />
    <property name="env.SystemRoot" value="C:\WINDOWS" />
    <property name="java.awt.graphicsenv" value="sun.awt.Win32GraphicsEnvironment" />
    <property name="os.arch" value="amd64" />
    <property name="java.ext.dirs" value="C:\Program Files\Java\jdk1.7.0_79\jre\lib\ext;C:\WINDOWS\Sun\Java\lib\ext" />
    <property name="env.NVM_SYMLINK" value="C:\Program Files\nodejs" />
    <property name="user.dir" value="C:\DWP_VA\DWPAutomationTests\Workspace\MavenCucumberPrototype" />
    <property name="env.LOCALAPPDATA" value="C:\Users\varun.aggarwal\AppData\Local" />
    <property name="ant.file.MavenCucumberPrototype" value="C:\DWP_VA\DWPAutomationTests\Workspace\MavenCucumberPrototype\build.xml" />
    <property name="line.separator" value="&#xd;&#xa;" />
    <property name="java.vm.name" value="Java HotSpot(TM) 64-Bit Server VM" />
    <property name="env.PATHEXT" value=".COM;.EXE;.BAT;.CMD;.VBS;.VBE;.JS;.JSE;.WSF;.WSH;.MSC" />
    <property name="env.Path" value="C:\ProgramData\Oracle\Java\javapath;C:\bin\Python27\;C:\bin\Python27\Scripts;C:\Program Files (x86)\Intel\iCLS Client\;C:\Program Files\Intel\iCLS Client\;C:\WINDOWS\system32;C:\WINDOWS;C:\WINDOWS\System32\Wbem;C:\WINDOWS\System32\WindowsPowerShell\v1.0\;C:\Program Files (x86)\Hewlett-Packard\HP Performance Advisor;C:\Program Files\Intel\WiFi\bin\;C:\Program Files\Common Files\Intel\WirelessCommon\;C:\Program Files\Intel\Intel(R) Management Engine Components\DAL;C:\Program Files (x86)\Intel\Intel(R) Management Engine Components\DAL;C:\Program Files\Intel\Intel(R) Management Engine Components\IPT;C:\Program Files (x86)\Intel\Intel(R) Management Engine Components\IPT;C:\Program Files\Microsoft SQL Server\110\Tools\Binn\;C:\bin\Git\cmd;C:\bin\Git\mingw64\bin;C:\bin\Git\usr\bin;C:\HashiCorp\Vagrant\bin;C:\Go\bin;C:\Users\varun.aggarwal\AppData\Roaming\nvm;C:\Program Files\nodejs;C:\Program Files\apache-maven-3.3.9-bin\apache-maven-3.3.9\bin;C:\Program Files\apache-ant-1.9.7-bin\apache-ant-1.9.7\bin;C:\Users\varun.aggarwal\AppData\Local\Microsoft\WindowsApps;C:\Users\varun.aggarwal\AppData\Roaming\npm;C:\Users\varun.aggarwal\AppData\Roaming\nvm;C:\Program Files\nodejs" />
    <property name="basedir" value="C:\DWP_VA\DWPAutomationTests\Workspace\MavenCucumberPrototype" />
    <property name="env.FPPUILang" value="en-US" />
    <property name="ant.java.version" value="1.7" />
    <property name="ant.core.lib" value="C:\DWP_VA\DWPTools\eclipse\plugins\org.apache.ant_1.9.6.v201510161327\lib\ant.jar" />
    <property name="env.USERNAME" value="varun.aggarwal" />
    <property name="env.SystemDrive" value="C:" />
    <property name="source" value="1.5" />
    <property name="file.encoding" value="Cp1252" />
    <property name="env.USERDOMAIN" value="ANDREWBOOTHROYD" />
    <property name="env.PTSMINSTALLPATH_X86" value="C:\Program Files (x86)\Hewlett-Packard\HP ProtectTools Security Manager\" />
    <property name="java.specification.version" value="1.7" />
    <property name="env.MVN_HOME" value="C:\Program Files\apache-maven-3.3.9-bin\apache-maven-3.3.9" />
    <property name="ant.project.invoked-targets" value="RunnerTest" />
    <property name="env.Platform" value="BNB" />
    <property name="env.VBOX_MSI_INSTALL_PATH" value="C:\bin\Oracle\VirtualBox\" />
    <property name="env.PROCESSOR_LEVEL" value="6" />
  </properties>
  <testcase classname="Scenario: My First Scenario" name="Given I am on website" time="0.001" />
  <testcase classname="Scenario: My First Scenario" name="When I click on link" time="0.0" />
  <testcase classname="Scenario: My First Scenario" name="Then Navigated page should be correct" time="0.0" />
  <testcase classname="junit.framework.TestSuite" name="Scenario: My First Scenario" time="18.489" />
  <system-out><![CDATA[Feature: My First Feature or User Story

  @Wiki
  Scenario: My First Scenario             [90m# MyFirstFeatureFile.feature:4[0m
    [32mGiven [0m[32mI am on website[0m                 [90m# Steps.i_am_on_website()[0m
    [32mWhen [0m[32mI click on link[0m                  [90m# Steps.i_click_on_link()[0m
    [32mThen [0m[32mNavigated page should be correct[0m [90m# Steps.navigated_page_should_be_correct()[0m

1 Scenarios ([32m1 passed[0m)
3 Steps ([32m3 passed[0m)
0m18.428s

]]></system-out>
  <system-err><![CDATA[]]></system-err>
</testsuite>
